1720009952.804262 client started (2995123): version 3.2a, socket /tmp/tmux-1000/default, protocol 8
1720009952.804362 on Linux 6.5.0-41-generic #41~22.04.2-Ubuntu SMP PREEMPT_DYNAMIC Mon Jun  3 11:32:55 UTC 2
1720009952.804390 using libevent 2.1.12-stable (poll); ncurses 6.3
1720009952.804461 flags are 0x10010000
1720009952.804476 socket is /tmp/tmux-1000/default
1720009952.804516 trying connect
1720009952.804805 add peer 0x62bebdafefb0: 6 ((nil))
1720009952.806005 sending message 100 to peer 0x62bebdafefb0 (4 bytes)
1720009952.806053 sending message 111 to peer 0x62bebdafefb0 (8 bytes)
1720009952.806079 sending message 101 to peer 0x62bebdafefb0 (14 bytes)
1720009952.806103 sending message 109 to peer 0x62bebdafefb0 (4 bytes)
1720009952.806126 sending message 102 to peer 0x62bebdafefb0 (11 bytes)
1720009952.806148 sending message 108 to peer 0x62bebdafefb0 (20 bytes)
1720009952.806170 sending message 112 to peer 0x62bebdafefb0 (68 bytes)
1720009952.806193 sending message 112 to peer 0x62bebdafefb0 (5 bytes)
1720009952.806220 sending message 112 to peer 0x62bebdafefb0 (6 bytes)
1720009952.806244 sending message 112 to peer 0x62bebdafefb0 (6 bytes)
1720009952.806266 sending message 112 to peer 0x62bebdafefb0 (11 bytes)
1720009952.806291 sending message 112 to peer 0x62bebdafefb0 (10 bytes)
1720009952.806315 sending message 112 to peer 0x62bebdafefb0 (13 bytes)
1720009952.806347 sending message 112 to peer 0x62bebdafefb0 (13 bytes)
1720009952.806375 sending message 112 to peer 0x62bebdafefb0 (18 bytes)
1720009952.806398 sending message 112 to peer 0x62bebdafefb0 (11 bytes)
1720009952.806413 sending message 112 to peer 0x62bebdafefb0 (21 bytes)
1720009952.806427 sending message 112 to peer 0x62bebdafefb0 (13 bytes)
1720009952.806441 sending message 112 to peer 0x62bebdafefb0 (7 bytes)
1720009952.806469 sending message 112 to peer 0x62bebdafefb0 (13 bytes)
1720009952.806498 sending message 112 to peer 0x62bebdafefb0 (7 bytes)
1720009952.806520 sending message 112 to peer 0x62bebdafefb0 (13 bytes)
1720009952.806542 sending message 112 to peer 0x62bebdafefb0 (9 bytes)
1720009952.806564 sending message 112 to peer 0x62bebdafefb0 (21 bytes)
1720009952.806587 sending message 112 to peer 0x62bebdafefb0 (13 bytes)
1720009952.806610 sending message 112 to peer 0x62bebdafefb0 (8 bytes)
1720009952.806632 sending message 112 to peer 0x62bebdafefb0 (12 bytes)
1720009952.806654 sending message 112 to peer 0x62bebdafefb0 (13 bytes)
1720009952.806674 sending message 112 to peer 0x62bebdafefb0 (9 bytes)
1720009952.806701 sending message 112 to peer 0x62bebdafefb0 (9 bytes)
1720009952.806726 sending message 112 to peer 0x62bebdafefb0 (12 bytes)
1720009952.806750 sending message 112 to peer 0x62bebdafefb0 (8 bytes)
1720009952.806772 sending message 112 to peer 0x62bebdafefb0 (7 bytes)
1720009952.806801 sending message 112 to peer 0x62bebdafefb0 (7 bytes)
1720009952.806826 sending message 112 to peer 0x62bebdafefb0 (9 bytes)
1720009952.806843 sending message 112 to peer 0x62bebdafefb0 (13 bytes)
1720009952.806857 sending message 112 to peer 0x62bebdafefb0 (6 bytes)
1720009952.806871 sending message 112 to peer 0x62bebdafefb0 (9 bytes)
1720009952.806885 sending message 112 to peer 0x62bebdafefb0 (13 bytes)
1720009952.806899 sending message 112 to peer 0x62bebdafefb0 (12 bytes)
1720009952.806913 sending message 112 to peer 0x62bebdafefb0 (8 bytes)
1720009952.806927 sending message 112 to peer 0x62bebdafefb0 (9 bytes)
1720009952.806941 sending message 112 to peer 0x62bebdafefb0 (10 bytes)
1720009952.806956 sending message 112 to peer 0x62bebdafefb0 (10 bytes)
1720009952.806970 sending message 112 to peer 0x62bebdafefb0 (10 bytes)
1720009952.806985 sending message 112 to peer 0x62bebdafefb0 (10 bytes)
1720009952.807014 sending message 112 to peer 0x62bebdafefb0 (11 bytes)
1720009952.807041 sending message 112 to peer 0x62bebdafefb0 (10 bytes)
1720009952.807063 sending message 112 to peer 0x62bebdafefb0 (8 bytes)
1720009952.807083 sending message 112 to peer 0x62bebdafefb0 (11 bytes)
1720009952.807104 sending message 112 to peer 0x62bebdafefb0 (11 bytes)
1720009952.807159 sending message 112 to peer 0x62bebdafefb0 (11 bytes)
1720009952.807183 sending message 112 to peer 0x62bebdafefb0 (8 bytes)
1720009952.807203 sending message 112 to peer 0x62bebdafefb0 (8 bytes)
1720009952.807226 sending message 112 to peer 0x62bebdafefb0 (8 bytes)
1720009952.807247 sending message 112 to peer 0x62bebdafefb0 (10 bytes)
1720009952.807267 sending message 112 to peer 0x62bebdafefb0 (10 bytes)
1720009952.807286 sending message 112 to peer 0x62bebdafefb0 (10 bytes)
1720009952.807307 sending message 112 to peer 0x62bebdafefb0 (10 bytes)
1720009952.807328 sending message 112 to peer 0x62bebdafefb0 (10 bytes)
1720009952.807351 sending message 112 to peer 0x62bebdafefb0 (11 bytes)
1720009952.807372 sending message 112 to peer 0x62bebdafefb0 (11 bytes)
1720009952.807395 sending message 112 to peer 0x62bebdafefb0 (10 bytes)
1720009952.807417 sending message 112 to peer 0x62bebdafefb0 (9 bytes)
1720009952.807439 sending message 112 to peer 0x62bebdafefb0 (9 bytes)
1720009952.807463 sending message 112 to peer 0x62bebdafefb0 (12 bytes)
1720009952.807492 sending message 112 to peer 0x62bebdafefb0 (9 bytes)
1720009952.807513 sending message 112 to peer 0x62bebdafefb0 (6 bytes)
1720009952.807533 sending message 112 to peer 0x62bebdafefb0 (8 bytes)
1720009952.807553 sending message 112 to peer 0x62bebdafefb0 (15 bytes)
1720009952.807575 sending message 112 to peer 0x62bebdafefb0 (13 bytes)
1720009952.807598 sending message 112 to peer 0x62bebdafefb0 (70 bytes)
1720009952.807629 sending message 112 to peer 0x62bebdafefb0 (69 bytes)
1720009952.807659 sending message 112 to peer 0x62bebdafefb0 (10 bytes)
1720009952.807690 sending message 112 to peer 0x62bebdafefb0 (10 bytes)
1720009952.807715 sending message 112 to peer 0x62bebdafefb0 (8 bytes)
1720009952.807729 sending message 112 to peer 0x62bebdafefb0 (15 bytes)
1720009952.807743 sending message 112 to peer 0x62bebdafefb0 (13 bytes)
1720009952.807757 sending message 112 to peer 0x62bebdafefb0 (10 bytes)
1720009952.807772 sending message 112 to peer 0x62bebdafefb0 (10 bytes)
1720009952.807786 sending message 112 to peer 0x62bebdafefb0 (17 bytes)
1720009952.807800 sending message 112 to peer 0x62bebdafefb0 (9 bytes)
1720009952.807819 sending message 104 to peer 0x62bebdafefb0 (0 bytes)
1720009952.807837 sending message 110 to peer 0x62bebdafefb0 (0 bytes)
1720009952.807855 sending message 107 to peer 0x62bebdafefb0 (4 bytes)
1720009952.807871 sending message 105 to peer 0x62bebdafefb0 (16 bytes)
1720009952.807885 sending message 105 to peer 0x62bebdafefb0 (82 bytes)
1720009952.807900 sending message 105 to peer 0x62bebdafefb0 (19 bytes)
1720009952.807914 sending message 105 to peer 0x62bebdafefb0 (20 bytes)
1720009952.807929 sending message 105 to peer 0x62bebdafefb0 (45 bytes)
1720009952.807943 sending message 105 to peer 0x62bebdafefb0 (33 bytes)
1720009952.807957 sending message 105 to peer 0x62bebdafefb0 (24 bytes)
1720009952.807972 sending message 105 to peer 0x62bebdafefb0 (23 bytes)
1720009952.807986 sending message 105 to peer 0x62bebdafefb0 (26 bytes)
1720009952.808000 sending message 105 to peer 0x62bebdafefb0 (44 bytes)
1720009952.808015 sending message 105 to peer 0x62bebdafefb0 (38 bytes)
1720009952.808029 sending message 105 to peer 0x62bebdafefb0 (32 bytes)
1720009952.808043 sending message 105 to peer 0x62bebdafefb0 (41 bytes)
1720009952.808058 sending message 105 to peer 0x62bebdafefb0 (55 bytes)
1720009952.808073 sending message 105 to peer 0x62bebdafefb0 (51 bytes)
1720009952.808087 sending message 105 to peer 0x62bebdafefb0 (20 bytes)
1720009952.808101 sending message 105 to peer 0x62bebdafefb0 (23 bytes)
1720009952.808158 sending message 105 to peer 0x62bebdafefb0 (28 bytes)
1720009952.808196 sending message 105 to peer 0x62bebdafefb0 (24 bytes)
1720009952.808228 sending message 105 to peer 0x62bebdafefb0 (27 bytes)
1720009952.808258 sending message 105 to peer 0x62bebdafefb0 (13 bytes)
1720009952.808288 sending message 105 to peer 0x62bebdafefb0 (25 bytes)
1720009952.808318 sending message 105 to peer 0x62bebdafefb0 (22 bytes)
1720009952.808390 sending message 105 to peer 0x62bebdafefb0 (54 bytes)
1720009952.808406 sending message 105 to peer 0x62bebdafefb0 (22 bytes)
1720009952.808421 sending message 105 to peer 0x62bebdafefb0 (16 bytes)
1720009952.808435 sending message 105 to peer 0x62bebdafefb0 (14 bytes)
1720009952.808449 sending message 105 to peer 0x62bebdafefb0 (18 bytes)
1720009952.808531 sending message 105 to peer 0x62bebdafefb0 (17 bytes)
1720009952.808577 sending message 105 to peer 0x62bebdafefb0 (1519 bytes)
1720009952.808612 sending message 105 to peer 0x62bebdafefb0 (33 bytes)
1720009952.808641 sending message 105 to peer 0x62bebdafefb0 (20 bytes)
1720009952.808668 sending message 105 to peer 0x62bebdafefb0 (17 bytes)
1720009952.808683 sending message 105 to peer 0x62bebdafefb0 (26 bytes)
1720009952.808697 sending message 105 to peer 0x62bebdafefb0 (58 bytes)
1720009952.808711 sending message 105 to peer 0x62bebdafefb0 (30 bytes)
1720009952.808726 sending message 105 to peer 0x62bebdafefb0 (86 bytes)
1720009952.808740 sending message 105 to peer 0x62bebdafefb0 (38 bytes)
1720009952.808754 sending message 105 to peer 0x62bebdafefb0 (23 bytes)
1720009952.808768 sending message 105 to peer 0x62bebdafefb0 (34 bytes)
1720009952.808782 sending message 105 to peer 0x62bebdafefb0 (23 bytes)
1720009952.808796 sending message 105 to peer 0x62bebdafefb0 (19 bytes)
1720009952.808810 sending message 105 to peer 0x62bebdafefb0 (32 bytes)
1720009952.808825 sending message 105 to peer 0x62bebdafefb0 (35 bytes)
1720009952.808839 sending message 105 to peer 0x62bebdafefb0 (10 bytes)
1720009952.808854 sending message 105 to peer 0x62bebdafefb0 (13 bytes)
1720009952.808868 sending message 105 to peer 0x62bebdafefb0 (30 bytes)
1720009952.808882 sending message 105 to peer 0x62bebdafefb0 (11 bytes)
1720009952.808897 sending message 105 to peer 0x62bebdafefb0 (8 bytes)
1720009952.808911 sending message 105 to peer 0x62bebdafefb0 (18 bytes)
1720009952.808925 sending message 105 to peer 0x62bebdafefb0 (31 bytes)
1720009952.808939 sending message 105 to peer 0x62bebdafefb0 (43 bytes)
1720009952.808954 sending message 105 to peer 0x62bebdafefb0 (85 bytes)
1720009952.808969 sending message 105 to peer 0x62bebdafefb0 (657 bytes)
1720009952.808984 sending message 105 to peer 0x62bebdafefb0 (18 bytes)
1720009952.808999 sending message 105 to peer 0x62bebdafefb0 (54 bytes)
1720009952.809013 sending message 105 to peer 0x62bebdafefb0 (28 bytes)
1720009952.809028 sending message 105 to peer 0x62bebdafefb0 (18 bytes)
1720009952.809043 sending message 105 to peer 0x62bebdafefb0 (16 bytes)
1720009952.809057 sending message 106 to peer 0x62bebdafefb0 (0 bytes)
1720009952.809078 sending message 200 to peer 0x62bebdafefb0 (4 bytes)
1720009952.809092 client loop enter
1720009952.810496 peer 0x62bebdafefb0 message 303
1720009952.810531 open write file 2 -
1720009952.810566 sending message 305 to peer 0x62bebdafefb0 (8 bytes)
1720009952.810635 write check file 2
1720009952.811174 peer 0x62bebdafefb0 message 304
1720009952.811208 write 58 to file 2
1720009952.811231 peer 0x62bebdafefb0 message 203
1720009952.811246 file 2 58 bytes left
1720009952.811303 write check file 2
1720009952.811319 client loop exit
